2023-09-25 13:27:10 INFO  Login:41 - login user with username Sahil@gmail.com
2023-09-25 13:27:48 INFO  UpdateProfile:140 - Update profile with username Sahil@gmail.com
2023-09-25 13:28:04 INFO  ViewUserViaAdmin:34 - profile viewed by admin of username bejace@mailinator.com
2023-09-25 13:28:24 INFO  Home:34 - Home button hit with username Sahil@gmail.com
2023-09-25 13:28:38 INFO  Home:34 - Home button hit with username Sahil@gmail.com
2023-09-25 13:28:41 INFO  Logout:20 - logout successfully
2023-09-25 14:43:21 INFO  GenerateNewPassword:38 - new password Generated with username Sahil@gmail.com
2023-09-25 14:43:30 INFO  Login:42 - login user with username Sahil@gmail.com
2023-09-25 14:43:39 INFO  ViewUserViaAdmin:36 - profile viewed by admin of username zybysunux@mailinator.comm
2023-09-25 14:43:45 INFO  DeleteUser:43 - delete user with user id 151
2023-09-25 14:43:52 INFO  ViewUserViaAdmin:36 - profile viewed by admin of username zedily@mailinator.comm
2023-09-25 14:43:58 INFO  Home:35 - Home button hit with username Sahil@gmail.com
2023-09-25 14:46:02 INFO  Logout:21 - logout successfully
2023-09-25 14:46:02 ERROR Logout:27 - error happened in Logout Servlet java.lang.NullPointerException
2023-09-25 14:46:15 INFO  Logout:21 - logout successfully
2023-09-25 14:46:15 ERROR Logout:27 - error happened in Logout Servlet java.lang.NullPointerException
2023-09-25 14:47:04 INFO  Logout:21 - logout successfully
2023-09-25 14:54:02 INFO  Login:42 - login user with username Sahil@gmail.com
2023-09-25 14:54:07 INFO  ViewUserViaAdmin:36 - profile viewed by admin of username xosyza321s@mailinator.com
2023-09-25 14:54:20 INFO  ViewUserViaAdmin:36 - profile viewed by admin of username zeja@mailinator.com
2023-09-25 14:54:23 INFO  Home:35 - Home button hit with username Sahil@gmail.com
2023-09-25 14:54:27 INFO  ViewUserViaAdmin:36 - profile viewed by admin of username zedily@mailinator.comm
2023-09-25 14:58:29 INFO  Home:35 - Home button hit with username Sahil@gmail.com
2023-09-25 14:58:47 INFO  UpdateProfile:141 - Update profile with username Sahil@gmail.com
2023-09-25 14:58:51 INFO  Home:35 - Home button hit with username Sahil@gmail.com
2023-09-25 15:00:04 INFO  Login:42 - login user with username Sahil@gmail.com
2023-09-25 15:00:17 INFO  Login:42 - login user with username Sahil@gmail.com
2023-09-25 15:00:24 INFO  ViewUserViaAdmin:36 - profile viewed by admin of username syjecikym@mailinator.com
2023-09-25 15:00:28 INFO  DeleteUser:43 - delete user with user id 140
2023-09-25 15:00:33 INFO  Home:35 - Home button hit with username Sahil@gmail.com
2023-10-02 19:24:06 ERROR SaveUser:116 - error happened in SaveUser Servlet  java.lang.NullPointerException
2023-10-02 19:24:06 ERROR SaveUser:116 - error happened in SaveUser Servlet  java.lang.NullPointerException
2023-10-02 19:24:06 ERROR SaveUser:116 - error happened in SaveUser Servlet  java.lang.NullPointerException
2023-10-02 19:24:06 ERROR SaveUser:116 - error happened in SaveUser Servlet  java.lang.NullPointerException
2023-10-02 19:24:06 ERROR SaveUser:116 - error happened in SaveUser Servlet  java.lang.NullPointerException
2023-10-02 19:25:39 ERROR SaveUser:113 - error happened in SaveUser Servlet  java.lang.ClassCastException: java.io.FileInputStream cannot be cast to java.sql.Blob
2023-10-02 19:25:39 ERROR SaveUser:113 - error happened in SaveUser Servlet  java.lang.ClassCastException: java.io.FileInputStream cannot be cast to java.sql.Blob
2023-10-02 19:38:07 INFO  SaveUser:109 - saved user with name cimuqo@mailinator.com
2023-10-02 19:40:25 INFO  SaveUser:110 - saved user with name mipec@mailinator.com
2023-10-02 19:40:25 INFO  SaveUser:110 - saved user with name mipec@mailinator.com
